<?xml version="1.0" encoding="UTF-8"?>
<!-- Generated by org.testng.reporters.JUnitXMLReporter -->
<testsuite hostname="DESKTOP-7IHME2E" ignored="0" name="Default test" tests="4" failures="0" timestamp="2020-08-15T21:56:58 IST" time="3.475" errors="0">
  <testcase name="createemp" time="0.031" classname="com.rabobank.testcase.EmployeeApiEndpoints"/>
  <testcase name="fetchempDetails" time="0.0" classname="com.rabobank.testcase.EmployeeApiEndpoints"/>
  <testcase name="updateemp" time="0.0" classname="com.rabobank.testcase.EmployeeApiEndpoints"/>
  <testcase name="deleteemp" time="0.051" classname="com.rabobank.testcase.EmployeeApiEndpoints"/>
</testsuite> <!-- Default test -->
